<?xml version="1.0" encoding="UTF-8" ?>
<testsuite errors="0" failures="0" hostname="KHANS" name="com.absolutejava.chapter8.project1.videogame.entities.OgreTest" tests="3" time="0.078" timestamp="2013-03-24T18:04:31">
  <properties>
[...]
</properties>
  <testcase classname="com.absolutejava.chapter8.project1.videogame.entities.OgreTest" name="canCreateOgreWithHealthAndName" time="0.016" />
  <testcase classname="com.absolutejava.chapter8.project1.videogame.entities.OgreTest" name="canCreateOgreObject" time="0.0" />
  <testcase classname="com.absolutejava.chapter8.project1.videogame.entities.OgreTest" name="canGetDamageDoneByOgre" time="0.0" />
  <system-out><![CDATA[]]></system-out>
  <system-err><![CDATA[]]></system-err>
</testsuite>
